<?xml version="1.0" encoding="UTF-8"?>
<!-- Generated by org.testng.reporters.JUnitReportReporter -->
<testsuite hostname="JUSTSRIHARI" failures="0" tests="2" name="TestClasses.TestClass1" time="0.010" errors="0" timestamp="2024-10-23T22:40:17 IST" skipped="0">
  <testcase classname="TestClasses.TestClass1" name="test1" time="0.006"/>
  <testcase classname="TestClasses.TestClass1" name="test1" time="0.004"/>
</testsuite> <!-- TestClasses.TestClass1 -->
